Using pre-set license
Built from '2020.3/staging' branch; Version is '2020.3.0f1 (c7b5465681fb) revision 13088070'; Using compiler version '192528614'; Build Type 'Release'
OS: 'Windows 10 Education; OS build 19043.1052; Version 2009; 64bit' Language: 'ko' Physical Memory: 32694 MB
BatchMode: 1, IsHumanControllingUs: 0, StartBugReporterOnCrash: 0, Is64bit: 1, IsPro: 0

 COMMAND LINE ARGUMENTS:
C:\Program Files\Unity\Hub\Editor\2020.3.0f1\Editor\Unity.exe
-adb2
-batchMode
-noUpm
-name
AssetImportWorker0
-projectPath
D:/Users/kseonjun/Google Drive/College/강의/[2021-1] 윈도우프로그래밍/기말 프로젝트/바운스
-logFile
Logs/AssetImportWorker0.log
-srvPort
52695
Successfully changed project path to: D:/Users/kseonjun/Google Drive/College/강의/[2021-1] 윈도우프로그래밍/기말 프로젝트/바운스
D:/Users/kseonjun/Google Drive/College/강의/[2021-1] 윈도우프로그래밍/기말 프로젝트/바운스
Using Asset Import Pipeline V2.
Refreshing native plugins compatible for Editor in 38.97 ms, found 2 plugins.
Preloading 0 native plugins for Editor in 0.00 ms.
Initialize engine version: 2020.3.0f1 (c7b5465681fb)
[Subsystems] Discovering subsystems at path C:/Program Files/Unity/Hub/Editor/2020.3.0f1/Editor/Data/Resources/UnitySubsystems
[Subsystems] Discovering subsystems at path D:/Users/kseonjun/Google Drive/College/강의/[2021-1] 윈도우프로그래밍/기말 프로젝트/바운스/Assets
GfxDevice: creating device client; threaded=0
Direct3D:
    Version:  Direct3D 11.0 [level 11.1]
    Renderer: NVIDIA GeForce RTX 3080 (ID=0x2206)
    Vendor:   
    VRAM:     10078 MB
    Driver:   27.21.14.6589
Initialize mono
Mono path[0] = 'C:/Program Files/Unity/Hub/Editor/2020.3.0f1/Editor/Data/Managed'
Mono path[1] = 'C:/Program Files/Unity/Hub/Editor/2020.3.0f1/Editor/Data/MonoBleedingEdge/lib/mono/unityjit'
Mono config path = 'C:/Program Files/Unity/Hub/Editor/2020.3.0f1/Editor/Data/MonoBleedingEdge/etc'
Using monoOptions --debugger-agent=transport=dt_socket,embedding=1,server=y,suspend=n,address=127.0.0.1:56140
Begin MonoManager ReloadAssembly
Registering precompiled unity dll's ...
Register platform support module: C:/Program Files/Unity/Hub/Editor/2020.3.0f1/Editor/Data/PlaybackEngines/WebGLSupport/UnityEditor.WebGL.Extensions.dll
Register platform support module: C:/Program Files/Unity/Hub/Editor/2020.3.0f1/Editor/Data/PlaybackEngines/WindowsStandaloneSupport/UnityEditor.WindowsStandalone.Extensions.dll
Registered in 0.001937 seconds.
Native extension for WindowsStandalone target not found
Native extension for WebGL target not found
Refreshing native plugins compatible for Editor in 36.39 ms, found 2 plugins.
Preloading 0 native plugins for Editor in 0.00 ms.
Invoked RoslynAnalysisRunner static constructor.
RoslynAnalysisRunner will not be running.
RoslynAnalysisRunner has terminated.
Mono: successfully reloaded assembly
- Completed reload, in  0.859 seconds
Platform modules already initialized, skipping
Registering precompiled user dll's ...
Registered in 0.003902 seconds.
Begin MonoManager ReloadAssembly
Native extension for WindowsStandalone target not found
Native extension for WebGL target not found
Refreshing native plugins compatible for Editor in 36.46 ms, found 2 plugins.
Preloading 0 native plugins for Editor in 0.00 ms.
Invoked RoslynAnalysisRunner static constructor.
RoslynAnalysisRunner will not be running.
RoslynAnalysisRunner has terminated.
Mono: successfully reloaded assembly
- Completed reload, in  1.242 seconds
Platform modules already initialized, skipping
========================================================================
Worker process is ready to serve import requests
Launched and connected shader compiler UnityShaderCompiler.exe after 0.03 seconds
Refreshing native plugins compatible for Editor in 0.45 ms, found 2 plugins.
Preloading 0 native plugins for Editor in 0.00 ms.
Unloading 2288 Unused Serialized files (Serialized files now loaded: 0)
System memory in use before: 104.2 MB.
System memory in use after: 104.4 MB.

Unloading 36 unused Assets to reduce memory usage. Loaded Objects now: 2722.
Total: 2.233300 ms (FindLiveObjects: 0.223500 ms CreateObjectMapping: 0.123300 ms MarkObjects: 1.835400 ms  DeleteObjects: 0.050300 ms)

========================================================================
Received Import Request.
  path: Assets/Scripts/MapEdit/MapEditerVer2.cs
  artifactKey: Guid(64c33d4029898af4a829b7f89a63bbc0) Importer(815301076,1909f56bfc062723c751e8b465ee728b)
Start importing Assets/Scripts/MapEdit/MapEditerVer2.cs using Guid(64c33d4029898af4a829b7f89a63bbc0) Importer(815301076,1909f56bfc062723c751e8b465ee728b)  -> (artifact id: '4f83e0e689741e6c54642cb5d04d1c56') in 0.029678 seconds
  Import took 0.032519 seconds .

========================================================================
Received Import Request.
  Time since last request: 0.000218 seconds.
  path: Assets/Scripts/MapEdit
  artifactKey: Guid(fcb1cb33c5d62214da2cb9ee39fa63d4) Importer(815301076,1909f56bfc062723c751e8b465ee728b)
Start importing Assets/Scripts/MapEdit using Guid(fcb1cb33c5d62214da2cb9ee39fa63d4) Importer(815301076,1909f56bfc062723c751e8b465ee728b)  -> (artifact id: '584109a8b6abaa93ed8de54bd06f1e4d') in 0.004317 seconds
  Import took 0.007057 seconds .

========================================================================
Received Import Request.
  Time since last request: 729.222330 seconds.
  path: Assets/Scenes/MapList.unity
  artifactKey: Guid(8ea778f3323e0014cac2ad320f4ab8e6) Importer(815301076,1909f56bfc062723c751e8b465ee728b)
Start importing Assets/Scenes/MapList.unity using Guid(8ea778f3323e0014cac2ad320f4ab8e6) Importer(815301076,1909f56bfc062723c751e8b465ee728b)  -> (artifact id: 'daf0fc1b6edc13f140a76b28e9a10ff3') in 0.013227 seconds
  Import took 0.017016 seconds .

========================================================================
Received Import Request.
  Time since last request: 0.591711 seconds.
  path: Assets/Scenes/MapSelect.unity
  artifactKey: Guid(9f303a65cf05e1546a1d1f82fe29b82b) Importer(815301076,1909f56bfc062723c751e8b465ee728b)
Start importing Assets/Scenes/MapSelect.unity using Guid(9f303a65cf05e1546a1d1f82fe29b82b) Importer(815301076,1909f56bfc062723c751e8b465ee728b)  -> (artifact id: '3e10d468cfcdbc7c2757b1fda1d84937') in 0.006643 seconds
  Import took 0.009914 seconds .

========================================================================
Received Prepare
Registering precompiled user dll's ...
Registered in 0.004737 seconds.
Begin MonoManager ReloadAssembly
Native extension for WindowsStandalone target not found
Native extension for WebGL target not found
Refreshing native plugins compatible for Editor in 0.51 ms, found 2 plugins.
Preloading 0 native plugins for Editor in 0.00 ms.
Invoked RoslynAnalysisRunner static constructor.
RoslynAnalysisRunner will not be running.
RoslynAnalysisRunner has terminated.
Mono: successfully reloaded assembly
- Completed reload, in  0.900 seconds
Platform modules already initialized, skipping
Refreshing native plugins compatible for Editor in 0.49 ms, found 2 plugins.
Preloading 0 native plugins for Editor in 0.00 ms.
Unloading 2265 Unused Serialized files (Serialized files now loaded: 0)
System memory in use before: 102.8 MB.
System memory in use after: 103.0 MB.

Unloading 23 unused Assets to reduce memory usage. Loaded Objects now: 2727.
Total: 1.908800 ms (FindLiveObjects: 0.253500 ms CreateObjectMapping: 0.101200 ms MarkObjects: 1.535300 ms  DeleteObjects: 0.018100 ms)

========================================================================
Received Prepare
Refreshing native plugins compatible for Editor in 5.05 ms, found 2 plugins.
Preloading 0 native plugins for Editor in 0.00 ms.
Unloading 21 Unused Serialized files (Serialized files now loaded: 0)
System memory in use before: 57.6 MB.
System memory in use after: 57.9 MB.

Unloading 21 unused Assets to reduce memory usage. Loaded Objects now: 2727.
Total: 2.319800 ms (FindLiveObjects: 0.230800 ms CreateObjectMapping: 0.102600 ms MarkObjects: 1.963900 ms  DeleteObjects: 0.021100 ms)

========================================================================
Received Prepare
Refreshing native plugins compatible for Editor in 5.39 ms, found 2 plugins.
Preloading 0 native plugins for Editor in 0.00 ms.
Unloading 21 Unused Serialized files (Serialized files now loaded: 0)
System memory in use before: 57.6 MB.
System memory in use after: 57.9 MB.

Unloading 21 unused Assets to reduce memory usage. Loaded Objects now: 2727.
Total: 1.945400 ms (FindLiveObjects: 0.231900 ms CreateObjectMapping: 0.102400 ms MarkObjects: 1.593700 ms  DeleteObjects: 0.016400 ms)

========================================================================
Received Prepare
Refreshing native plugins compatible for Editor in 5.08 ms, found 2 plugins.
Preloading 0 native plugins for Editor in 0.00 ms.
Unloading 21 Unused Serialized files (Serialized files now loaded: 0)
System memory in use before: 57.6 MB.
System memory in use after: 57.9 MB.

Unloading 21 unused Assets to reduce memory usage. Loaded Objects now: 2727.
Total: 1.872300 ms (FindLiveObjects: 0.200800 ms CreateObjectMapping: 0.090100 ms MarkObjects: 1.566000 ms  DeleteObjects: 0.014400 ms)

========================================================================
Received Prepare
Refreshing native plugins compatible for Editor in 4.53 ms, found 2 plugins.
Preloading 0 native plugins for Editor in 0.00 ms.
Unloading 21 Unused Serialized files (Serialized files now loaded: 0)
System memory in use before: 57.6 MB.
System memory in use after: 57.9 MB.

Unloading 21 unused Assets to reduce memory usage. Loaded Objects now: 2727.
Total: 3.083000 ms (FindLiveObjects: 0.406500 ms CreateObjectMapping: 0.149700 ms MarkObjects: 2.508200 ms  DeleteObjects: 0.017400 ms)

========================================================================
Received Prepare
Refreshing native plugins compatible for Editor in 4.37 ms, found 2 plugins.
Preloading 0 native plugins for Editor in 0.00 ms.
Unloading 21 Unused Serialized files (Serialized files now loaded: 0)
System memory in use before: 57.6 MB.
System memory in use after: 57.9 MB.

Unloading 21 unused Assets to reduce memory usage. Loaded Objects now: 2727.
Total: 1.929200 ms (FindLiveObjects: 0.205800 ms CreateObjectMapping: 0.091700 ms MarkObjects: 1.615600 ms  DeleteObjects: 0.015000 ms)

========================================================================
Received Import Request.
  Time since last request: 950.237524 seconds.
  path: Assets/Scenes/GameClear.unity
  artifactKey: Guid(341ad100f247e814a900b6d7157deb16) Importer(815301076,1909f56bfc062723c751e8b465ee728b)
Start importing Assets/Scenes/GameClear.unity using Guid(341ad100f247e814a900b6d7157deb16) Importer(815301076,1909f56bfc062723c751e8b465ee728b)  -> (artifact id: '9f3345d12045f987e02381c93273015c') in 0.012799 seconds
  Import took 0.016068 seconds .

========================================================================
Received Import Request.
  Time since last request: 10.798851 seconds.
  path: Assets/Scripts/SceneChanger.cs
  artifactKey: Guid(a4cd1a3ef62043a46b6df11a799b6413) Importer(815301076,1909f56bfc062723c751e8b465ee728b)
Start importing Assets/Scripts/SceneChanger.cs using Guid(a4cd1a3ef62043a46b6df11a799b6413) Importer(815301076,1909f56bfc062723c751e8b465ee728b)  -> (artifact id: '6ea09571f3f150dbe8f2e0b1f9fdc86d') in 0.005504 seconds
  Import took 0.008469 seconds .

========================================================================
Received Prepare
Refreshing native plugins compatible for Editor in 4.99 ms, found 2 plugins.
Preloading 0 native plugins for Editor in 0.00 ms.
Unloading 21 Unused Serialized files (Serialized files now loaded: 0)
System memory in use before: 57.7 MB.
System memory in use after: 57.9 MB.

Unloading 21 unused Assets to reduce memory usage. Loaded Objects now: 2727.
Total: 2.686500 ms (FindLiveObjects: 0.248400 ms CreateObjectMapping: 0.122000 ms MarkObjects: 2.301200 ms  DeleteObjects: 0.014000 ms)

========================================================================
Received Prepare
Refreshing native plugins compatible for Editor in 4.75 ms, found 2 plugins.
Preloading 0 native plugins for Editor in 0.00 ms.
Unloading 21 Unused Serialized files (Serialized files now loaded: 0)
System memory in use before: 57.7 MB.
System memory in use after: 57.9 MB.

Unloading 21 unused Assets to reduce memory usage. Loaded Objects now: 2727.
Total: 2.315000 ms (FindLiveObjects: 0.225100 ms CreateObjectMapping: 0.100100 ms MarkObjects: 1.970100 ms  DeleteObjects: 0.018700 ms)

========================================================================
Received Prepare
Refreshing native plugins compatible for Editor in 5.16 ms, found 2 plugins.
Preloading 0 native plugins for Editor in 0.00 ms.
Unloading 21 Unused Serialized files (Serialized files now loaded: 0)
System memory in use before: 57.7 MB.
System memory in use after: 57.9 MB.

Unloading 21 unused Assets to reduce memory usage. Loaded Objects now: 2727.
Total: 2.356500 ms (FindLiveObjects: 0.357400 ms CreateObjectMapping: 0.165500 ms MarkObjects: 1.816700 ms  DeleteObjects: 0.015400 ms)

========================================================================
Received Prepare
Refreshing native plugins compatible for Editor in 5.04 ms, found 2 plugins.
Preloading 0 native plugins for Editor in 0.00 ms.
Unloading 21 Unused Serialized files (Serialized files now loaded: 0)
System memory in use before: 57.7 MB.
System memory in use after: 57.9 MB.

Unloading 21 unused Assets to reduce memory usage. Loaded Objects now: 2727.
Total: 2.192100 ms (FindLiveObjects: 0.224100 ms CreateObjectMapping: 0.114300 ms MarkObjects: 1.838600 ms  DeleteObjects: 0.013400 ms)

========================================================================
Received Import Request.
  Time since last request: 392.593632 seconds.
  path: Assets/Scenes/Game.unity
  artifactKey: Guid(4509658e2b52fc44abb8922f1a5dd761) Importer(815301076,1909f56bfc062723c751e8b465ee728b)
Start importing Assets/Scenes/Game.unity using Guid(4509658e2b52fc44abb8922f1a5dd761) Importer(815301076,1909f56bfc062723c751e8b465ee728b)  -> (artifact id: '6ec33652bb9deb14d790a7fc2de4449e') in 0.007563 seconds
  Import took 0.010871 seconds .

========================================================================
Received Prepare
Registering precompiled user dll's ...
Registered in 0.004368 seconds.
Begin MonoManager ReloadAssembly
Native extension for WindowsStandalone target not found
Native extension for WebGL target not found
Refreshing native plugins compatible for Editor in 0.54 ms, found 2 plugins.
Preloading 0 native plugins for Editor in 0.00 ms.
The assembly search path `D:\Users\kseonjun\Google Drive\College\강의\[2021-1] 윈도우프로그래밍\기말 프로젝트\바운스\Assets\JsonDotNet\Assemblies\Standalone` does not exist
at <empty>:line 0

The assembly search path `D:\Users\kseonjun\Google Drive\College\강의\[2021-1] 윈도우프로그래밍\기말 프로젝트\바운스\Assets\JsonDotNet\Assemblies\Standalone` does not exist
at <empty>:line 0

Invoked RoslynAnalysisRunner static constructor.
RoslynAnalysisRunner will not be running.
RoslynAnalysisRunner has terminated.
Mono: successfully reloaded assembly
- Completed reload, in  0.872 seconds
Platform modules already initialized, skipping
Refreshing native plugins compatible for Editor in 0.47 ms, found 2 plugins.
Preloading 0 native plugins for Editor in 0.00 ms.
Unloading 2265 Unused Serialized files (Serialized files now loaded: 0)
System memory in use before: 103.0 MB.
System memory in use after: 103.2 MB.

Unloading 23 unused Assets to reduce memory usage. Loaded Objects now: 2732.
Total: 1.918100 ms (FindLiveObjects: 0.251700 ms CreateObjectMapping: 0.131100 ms MarkObjects: 1.516700 ms  DeleteObjects: 0.017700 ms)

